[debug] [2025-11-23T18:44:24.175Z] ----------------------------------------------------------------------
[debug] [2025-11-23T18:44:24.179Z] Command:       C:\Program Files\nodejs\node.exe C:\Users\gutig\AppData\Roaming\npm\node_modules\firebase-tools\lib\bin\firebase.js init
[debug] [2025-11-23T18:44:24.179Z] CLI Version:   14.26.0
[debug] [2025-11-23T18:44:24.179Z] Platform:      win32
[debug] [2025-11-23T18:44:24.180Z] Node Version:  v22.20.0
[debug] [2025-11-23T18:44:24.180Z] Time:          Sun Nov 23 2025 15:44:24 GMT-0300 (Horário Padrão de Brasília)
[debug] [2025-11-23T18:44:24.180Z] ----------------------------------------------------------------------
[debug] 
[info] 
     ######## #### ########  ######## ########     ###     ######  ########
     ##        ##  ##     ## ##       ##     ##  ##   ##  ##       ##
     ######    ##  ########  ######   ########  #########  ######  ######
     ##        ##  ##    ##  ##       ##     ## ##     ##       ## ##
     ##       #### ##     ## ######## ########  ##     ##  ######  ########

You're about to initialize a Firebase project in this directory:

  C:\Users\gutig\Downloads\Cosprysma-main

[debug] [2025-11-23T18:44:52.812Z] ExitPromptError: User force closed the prompt with SIGINT
    at Interface.sigint (C:\Users\gutig\AppData\Roaming\npm\node_modules\firebase-tools\node_modules\@inquirer\core\dist\commonjs\lib\create-prompt.js:101:37)
    at Interface.emit (node:events:519:28)
    at Interface.emit (node:domain:489:12)
    at [_ttyWrite] [as _ttyWrite] (node:internal/readline/interface:1128:18)
    at ReadStream.onkeypress (node:internal/readline/interface:271:20)
    at ReadStream.emit (node:events:531:35)
    at ReadStream.emit (node:domain:489:12)
    at emitKeys (node:internal/readline/utils:370:14)
    at emitKeys.next (<anonymous>)
    at ReadStream.onData (node:internal/readline/emitKeypressEvents:64:36)
[error] 
[error] Error: An unexpected error has occurred.
